c:\users\christoph\documents\github\cg_homework\cg_hausarbeit\computergrafik\debug\vc140.pdb
c:\users\christoph\documents\github\cg_homework\cg_hausarbeit\computergrafik\debug\vc140.idb
c:\users\christoph\documents\github\cg_homework\cg_hausarbeit\computergrafik\debug\camera.obj
c:\users\christoph\documents\github\cg_homework\cg_hausarbeit\computergrafik\debug\cannon.obj
c:\users\christoph\documents\github\cg_homework\cg_hausarbeit\computergrafik\debug\cannonmgr.obj
c:\users\christoph\documents\github\cg_homework\cg_hausarbeit\computergrafik\debug\color.obj
c:\users\christoph\documents\github\cg_homework\cg_hausarbeit\computergrafik\debug\main.obj
c:\users\christoph\documents\github\cg_homework\cg_hausarbeit\computergrafik\debug\material.obj
c:\users\christoph\documents\github\cg_homework\cg_hausarbeit\computergrafik\debug\matrix.obj
c:\users\christoph\documents\github\cg_homework\cg_hausarbeit\computergrafik\debug\model.obj
c:\users\christoph\documents\github\cg_homework\cg_hausarbeit\computergrafik\debug\planemodel.obj
c:\users\christoph\documents\github\cg_homework\cg_hausarbeit\computergrafik\debug\rgbimage.obj
c:\users\christoph\documents\github\cg_homework\cg_hausarbeit\computergrafik\debug\scene.obj
c:\users\christoph\documents\github\cg_homework\cg_hausarbeit\computergrafik\debug\scenenode.obj
c:\users\christoph\documents\github\cg_homework\cg_hausarbeit\computergrafik\debug\shadercompiler.obj
c:\users\christoph\documents\github\cg_homework\cg_hausarbeit\computergrafik\debug\shaderprogram.obj
c:\users\christoph\documents\github\cg_homework\cg_hausarbeit\computergrafik\debug\tank.obj
c:\users\christoph\documents\github\cg_homework\cg_hausarbeit\computergrafik\debug\tankmanager.obj
c:\users\christoph\documents\github\cg_homework\cg_hausarbeit\computergrafik\debug\terrain.obj
c:\users\christoph\documents\github\cg_homework\cg_hausarbeit\computergrafik\debug\texture.obj
c:\users\christoph\documents\github\cg_homework\cg_hausarbeit\computergrafik\debug\vector.obj
c:\users\christoph\documents\github\cg_homework\cg_hausarbeit\computergrafik\debug\tankwave.obj
c:\users\christoph\documents\github\cg_homework\cg_hausarbeit\debug\cg_hausarbeit.ilk
c:\users\christoph\documents\github\cg_homework\cg_hausarbeit\debug\cg_hausarbeit.exe
c:\users\christoph\documents\github\cg_homework\cg_hausarbeit\debug\cg_hausarbeit.pdb
c:\users\christoph\documents\github\cg_homework\cg_hausarbeit\computergrafik\debug\cg_hausarbeit.tlog\cl.command.1.tlog
c:\users\christoph\documents\github\cg_homework\cg_hausarbeit\computergrafik\debug\cg_hausarbeit.tlog\cl.read.1.tlog
c:\users\christoph\documents\github\cg_homework\cg_hausarbeit\computergrafik\debug\cg_hausarbeit.tlog\cl.write.1.tlog
c:\users\christoph\documents\github\cg_homework\cg_hausarbeit\computergrafik\debug\cg_hausarbeit.tlog\link.command.1.tlog
c:\users\christoph\documents\github\cg_homework\cg_hausarbeit\computergrafik\debug\cg_hausarbeit.tlog\link.read.1.tlog
c:\users\christoph\documents\github\cg_homework\cg_hausarbeit\computergrafik\debug\cg_hausarbeit.tlog\link.write.1.tlog
